This is pdfTeX, Version 3.14159265-2.6-1.40.16 (TeX Live 2015) (preloaded format=mex 2016.4.5)  8 MAR 2017 16:29
entering extended mode
 restricted \write18 enabled.
 %&-line parsing enabled.
**pnet.o
(./pnet.o
This is MeX  Version 1.05  18 XII 1993  (B. Jackowski & M. Ry\'cko)
Missing character: There is no Ο in font plr10!
Missing character: There is no ϊ in font plr10!
Missing character: There is no ν in font plr10!
Missing character: There is no ώ in font plr10!
! Missing $ inserted.
<inserted text> 
                $
<to be read again> 
                   ^^A
l.1 Οϊνώ^^G^^@^^@^^A
                    ^^C^^@^^@^^@^^A^^@^^@^^@^^D^^@^^@^^@^^C^^@^^@^^@ ^^@^^@...

? 
! Emergency stop.
<inserted text> 
                $
<to be read again> 
                   ^^A
l.1 Οϊνώ^^G^^@^^@^^A
                    ^^C^^@^^@^^@^^A^^@^^@^^@^^D^^@^^@^^@^^C^^@^^@^^@ ^^@^^@...
End of file on the terminal!

No pages of output.
